<?xml version="1.0" encoding="UTF-8"?>
<testsuite name="ru.mail.polis.homework.files.DirectoriesTest" tests="17" skipped="0" failures="0" errors="0" timestamp="2019-12-15T14:01:55" hostname="DESKTOP-DVOEA2C" time="0.31">
  <properties/>
  <testcase name="filesEmpty" classname="ru.mail.polis.homework.files.DirectoriesTest" time="0.018"/>
  <testcase name="emptyPath" classname="ru.mail.polis.homework.files.DirectoriesTest" time="0.001"/>
  <testcase name="onePath" classname="ru.mail.polis.homework.files.DirectoriesTest" time="0.003"/>
  <testcase name="filesHard" classname="ru.mail.polis.homework.files.DirectoriesTest" time="0.109"/>
  <testcase name="filesOnlyDirectories" classname="ru.mail.polis.homework.files.DirectoriesTest" time="0.01"/>
  <testcase name="filesOne" classname="ru.mail.polis.homework.files.DirectoriesTest" time="0.003"/>
  <testcase name="pathsHard" classname="ru.mail.polis.homework.files.DirectoriesTest" time="0.042"/>
  <testcase name="hardPath" classname="ru.mail.polis.homework.files.DirectoriesTest" time="0.038"/>
  <testcase name="filesOnlyFiles" classname="ru.mail.polis.homework.files.DirectoriesTest" time="0.013"/>
  <testcase name="onlyFilesPath" classname="ru.mail.polis.homework.files.DirectoriesTest" time="0.014"/>
  <testcase name="onlyDirectoriesPath" classname="ru.mail.polis.homework.files.DirectoriesTest" time="0.01"/>
  <testcase name="pathsOne" classname="ru.mail.polis.homework.files.DirectoriesTest" time="0.002"/>
  <testcase name="pathsEmpty" classname="ru.mail.polis.homework.files.DirectoriesTest" time="0.001"/>
  <testcase name="pathsOnlyFiles" classname="ru.mail.polis.homework.files.DirectoriesTest" time="0.015"/>
  <testcase name="filesOneFile" classname="ru.mail.polis.homework.files.DirectoriesTest" time="0.005"/>
  <testcase name="pathsOneFile" classname="ru.mail.polis.homework.files.DirectoriesTest" time="0.005"/>
  <testcase name="pathsOnlyDirectories" classname="ru.mail.polis.homework.files.DirectoriesTest" time="0.009"/>
  <system-out><![CDATA[]]></system-out>
  <system-err><![CDATA[]]></system-err>
</testsuite>
