<?xml version="1.0" encoding="UTF-8"?>
<testsuite name="ru.mail.polis.homework.files.CopyFileTest" tests="5" skipped="0" failures="0" errors="0" timestamp="2019-12-15T13:51:04" hostname="DESKTOP-DVOEA2C" time="0.105">
  <properties/>
  <testcase name="copyOnlyDir" classname="ru.mail.polis.homework.files.CopyFileTest" time="0.022"/>
  <testcase name="copyDirEmpty" classname="ru.mail.polis.homework.files.CopyFileTest" time="0.001"/>
  <testcase name="copyOnlyFile" classname="ru.mail.polis.homework.files.CopyFileTest" time="0.007"/>
  <testcase name="copyDirHard" classname="ru.mail.polis.homework.files.CopyFileTest" time="0.061"/>
  <testcase name="copyDirWithFiles" classname="ru.mail.polis.homework.files.CopyFileTest" time="0.009"/>
  <system-out><![CDATA[]]></system-out>
  <system-err><![CDATA[]]></system-err>
</testsuite>
