<?xml version="1.0" encoding="UTF-8"?>
<testsuite name="ru.mail.polis.homework.files.CopyFileTest" tests="5" skipped="0" failures="0" errors="0" timestamp="2019-12-17T20:39:11" hostname="DESKTOP-DVOEA2C" time="0.195">
  <properties/>
  <testcase name="copyOnlyDir" classname="ru.mail.polis.homework.files.CopyFileTest" time="0.039"/>
  <testcase name="copyDirEmpty" classname="ru.mail.polis.homework.files.CopyFileTest" time="0.002"/>
  <testcase name="copyOnlyFile" classname="ru.mail.polis.homework.files.CopyFileTest" time="0.014"/>
  <testcase name="copyDirHard" classname="ru.mail.polis.homework.files.CopyFileTest" time="0.105"/>
  <testcase name="copyDirWithFiles" classname="ru.mail.polis.homework.files.CopyFileTest" time="0.022"/>
  <system-out><![CDATA[]]></system-out>
  <system-err><![CDATA[]]></system-err>
</testsuite>
